2019-03-19 12:22:07,330 [Forwarding newSession on session null to remote] CookieSpec selected: default
2019-03-19 12:22:07,337 [Forwarding newSession on session null to remote] Auth cache not set in the context
2019-03-19 12:22:07,338 [Forwarding newSession on session null to remote] Connection request: [route: {}->http://localhost:23523][total kept alive: 0; route allocated: 0 of 2000; total allocated: 0 of 2000]
2019-03-19 12:22:07,346 [Forwarding newSession on session null to remote] Connection leased: [id: 0][route: {}->http://localhost:23523][total kept alive: 0; route allocated: 1 of 2000; total allocated: 1 of 2000]
2019-03-19 12:22:07,347 [Forwarding newSession on session null to remote] Opening connection {}->http://localhost:23523
2019-03-19 12:22:07,348 [Forwarding newSession on session null to remote] Connecting to localhost/127.0.0.1:23523
2019-03-19 12:22:07,349 [Forwarding newSession on session null to remote] Connection established 127.0.0.1:55798<->127.0.0.1:23523
2019-03-19 12:22:07,349 [Forwarding newSession on session null to remote] http-outgoing-0: set socket timeout to 10800000
2019-03-19 12:22:07,349 [Forwarding newSession on session null to remote] Executing request POST /session HTTP/1.1
2019-03-19 12:22:07,353 [Forwarding newSession on session null to remote] Target auth state: UNCHALLENGED
2019-03-19 12:22:07,353 [Forwarding newSession on session null to remote] Proxy auth state: UNCHALLENGED
2019-03-19 12:22:07,354 [Forwarding newSession on session null to remote] http-outgoing-0 >> POST /session HTTP/1.1
2019-03-19 12:22:07,354 [Forwarding newSession on session null to remote] http-outgoing-0 >> Content-Type: application/json; charset=utf-8
2019-03-19 12:22:07,354 [Forwarding newSession on session null to remote] http-outgoing-0 >> Content-Length: 122
2019-03-19 12:22:07,354 [Forwarding newSession on session null to remote] http-outgoing-0 >> Host: localhost:23523
2019-03-19 12:22:07,354 [Forwarding newSession on session null to remote] http-outgoing-0 >> Connection: Keep-Alive
2019-03-19 12:22:07,354 [Forwarding newSession on session null to remote] http-outgoing-0 >> User-Agent: Apache-HttpClient/4.5.1 (Java/1.8.0_152)
2019-03-19 12:22:07,354 [Forwarding newSession on session null to remote] http-outgoing-0 >> Accept-Encoding: gzip,deflate
2019-03-19 12:22:07,354 [Forwarding newSession on session null to remote] http-outgoing-0 >> "POST /session HTTP/1.1[\r][\n]"
2019-03-19 12:22:07,354 [Forwarding newSession on session null to remote] http-outgoing-0 >> "Content-Type: application/json; charset=utf-8[\r][\n]"
2019-03-19 12:22:07,354 [Forwarding newSession on session null to remote] http-outgoing-0 >> "Content-Length: 122[\r][\n]"
2019-03-19 12:22:07,354 [Forwarding newSession on session null to remote] http-outgoing-0 >> "Host: localhost:23523[\r][\n]"
2019-03-19 12:22:07,354 [Forwarding newSession on session null to remote] http-outgoing-0 >> "Connection: Keep-Alive[\r][\n]"
2019-03-19 12:22:07,354 [Forwarding newSession on session null to remote] http-outgoing-0 >> "User-Agent: Apache-HttpClient/4.5.1 (Java/1.8.0_152)[\r][\n]"
2019-03-19 12:22:07,354 [Forwarding newSession on session null to remote] http-outgoing-0 >> "Accept-Encoding: gzip,deflate[\r][\n]"
2019-03-19 12:22:07,354 [Forwarding newSession on session null to remote] http-outgoing-0 >> "[\r][\n]"
2019-03-19 12:22:07,354 [Forwarding newSession on session null to remote] http-outgoing-0 >> "{"desiredCapabilities":{"browserName":"chrome","chromeOptions":{"args":[],"extensions":[]},"version":"","platform":"ANY"}}"
2019-03-19 12:22:09,216 [Forwarding newSession on session null to remote] http-outgoing-0 << "HTTP/1.1 200 OK[\r][\n]"
2019-03-19 12:22:09,217 [Forwarding newSession on session null to remote] http-outgoing-0 << "Content-Length:1002[\r][\n]"
2019-03-19 12:22:09,217 [Forwarding newSession on session null to remote] http-outgoing-0 << "Content-Type:application/json; charset=utf-8[\r][\n]"
2019-03-19 12:22:09,217 [Forwarding newSession on session null to remote] http-outgoing-0 << "[\r][\n]"
2019-03-19 12:22:09,217 [Forwarding newSession on session null to remote] http-outgoing-0 << "{"sessionId":"e85a61849b7049005bc4abdf66e3c13e","status":0,"value":{"acceptInsecureCerts":false,"acceptSslCerts":false,"applicationCacheEnabled":false,"browserConnectionEnabled":false,"browserName":"chrome","chrome":{"chromedriverVersion":"73.0.3683.20 (8e2b610813e167eee3619ac4ce6e42e3ec622017)","userDataDir":"C:\\Users\\M1037568\\AppData\\Local\\Temp\\scoped_dir26444_9484"},"cssSelectorsEnabled":true,"databaseEnabled":false,"goog:chromeOptions":{"debuggerAddress":"localhost:55799"},"handlesAlerts":true,"hasTouchScreen":false,"javascriptEnabled":true,"locationContextEnabled":true,"mobileEmulationEnabled":false,"nativeEvents":true,"networkConnectionEnabled":false,"pageLoadStrategy":"normal","platform":"Windows NT","proxy":{},"rotatable":false,"setWindowRect":true,"strictFileInteractability":false,"takesHeapSnapshot":true,"takesScreenshot":true,"timeouts":{"implicit":0,"pageLoad":300000,"script":30000},"unexpectedAlertBehaviour":"ignore","version":"72.0.3626.121","webStorageEnabled":true}}"
2019-03-19 12:22:09,219 [Forwarding newSession on session null to remote] http-outgoing-0 << HTTP/1.1 200 OK
2019-03-19 12:22:09,219 [Forwarding newSession on session null to remote] http-outgoing-0 << Content-Length:1002
2019-03-19 12:22:09,219 [Forwarding newSession on session null to remote] http-outgoing-0 << Content-Type:application/json; charset=utf-8
2019-03-19 12:22:09,222 [Forwarding newSession on session null to remote] Connection can be kept alive indefinitely
2019-03-19 12:22:09,227 [Forwarding newSession on session null to remote] Connection [id: 0][route: {}->http://localhost:23523] can be kept alive indefinitely
2019-03-19 12:22:09,227 [Forwarding newSession on session null to remote] Connection released: [id: 0][route: {}->http://localhost:23523][total kept alive: 1; route allocated: 1 of 2000; total allocated: 1 of 2000]
2019-03-19 12:22:09,237 [Forwarding maximizeWindow on session e85a61849b7049005bc4abdf66e3c13e to remote] CookieSpec selected: default
2019-03-19 12:22:09,237 [Forwarding maximizeWindow on session e85a61849b7049005bc4abdf66e3c13e to remote] Auth cache not set in the context
2019-03-19 12:22:09,237 [Forwarding maximizeWindow on session e85a61849b7049005bc4abdf66e3c13e to remote] Connection request: [route: {}->http://localhost:23523][total kept alive: 1; route allocated: 1 of 2000; total allocated: 1 of 2000]
2019-03-19 12:22:09,237 [Forwarding maximizeWindow on session e85a61849b7049005bc4abdf66e3c13e to remote] Connection leased: [id: 0][route: {}->http://localhost:23523][total kept alive: 0; route allocated: 1 of 2000; total allocated: 1 of 2000]
2019-03-19 12:22:09,237 [Forwarding maximizeWindow on session e85a61849b7049005bc4abdf66e3c13e to remote] Stale connection check
2019-03-19 12:22:09,238 [Forwarding maximizeWindow on session e85a61849b7049005bc4abdf66e3c13e to remote] http-outgoing-0 << "[read] I/O error: Read timed out"
2019-03-19 12:22:09,238 [Forwarding maximizeWindow on session e85a61849b7049005bc4abdf66e3c13e to remote] http-outgoing-0: set socket timeout to 10800000
2019-03-19 12:22:09,238 [Forwarding maximizeWindow on session e85a61849b7049005bc4abdf66e3c13e to remote] Executing request POST /session/e85a61849b7049005bc4abdf66e3c13e/window/current/maximize HTTP/1.1
2019-03-19 12:22:09,238 [Forwarding maximizeWindow on session e85a61849b7049005bc4abdf66e3c13e to remote] Target auth state: UNCHALLENGED
2019-03-19 12:22:09,238 [Forwarding maximizeWindow on session e85a61849b7049005bc4abdf66e3c13e to remote] Proxy auth state: UNCHALLENGED
2019-03-19 12:22:09,238 [Forwarding maximizeWindow on session e85a61849b7049005bc4abdf66e3c13e to remote] http-outgoing-0 >> POST /session/e85a61849b7049005bc4abdf66e3c13e/window/current/maximize HTTP/1.1
2019-03-19 12:22:09,238 [Forwarding maximizeWindow on session e85a61849b7049005bc4abdf66e3c13e to remote] http-outgoing-0 >> Content-Type: application/json; charset=utf-8
2019-03-19 12:22:09,238 [Forwarding maximizeWindow on session e85a61849b7049005bc4abdf66e3c13e to remote] http-outgoing-0 >> Content-Length: 26
2019-03-19 12:22:09,238 [Forwarding maximizeWindow on session e85a61849b7049005bc4abdf66e3c13e to remote] http-outgoing-0 >> Host: localhost:23523
2019-03-19 12:22:09,238 [Forwarding maximizeWindow on session e85a61849b7049005bc4abdf66e3c13e to remote] http-outgoing-0 >> Connection: Keep-Alive
2019-03-19 12:22:09,238 [Forwarding maximizeWindow on session e85a61849b7049005bc4abdf66e3c13e to remote] http-outgoing-0 >> User-Agent: Apache-HttpClient/4.5.1 (Java/1.8.0_152)
2019-03-19 12:22:09,238 [Forwarding maximizeWindow on session e85a61849b7049005bc4abdf66e3c13e to remote] http-outgoing-0 >> Accept-Encoding: gzip,deflate
2019-03-19 12:22:09,238 [Forwarding maximizeWindow on session e85a61849b7049005bc4abdf66e3c13e to remote] http-outgoing-0 >> "POST /session/e85a61849b7049005bc4abdf66e3c13e/window/current/maximize HTTP/1.1[\r][\n]"
2019-03-19 12:22:09,238 [Forwarding maximizeWindow on session e85a61849b7049005bc4abdf66e3c13e to remote] http-outgoing-0 >> "Content-Type: application/json; charset=utf-8[\r][\n]"
2019-03-19 12:22:09,238 [Forwarding maximizeWindow on session e85a61849b7049005bc4abdf66e3c13e to remote] http-outgoing-0 >> "Content-Length: 26[\r][\n]"
2019-03-19 12:22:09,238 [Forwarding maximizeWindow on session e85a61849b7049005bc4abdf66e3c13e to remote] http-outgoing-0 >> "Host: localhost:23523[\r][\n]"
2019-03-19 12:22:09,238 [Forwarding maximizeWindow on session e85a61849b7049005bc4abdf66e3c13e to remote] http-outgoing-0 >> "Connection: Keep-Alive[\r][\n]"
2019-03-19 12:22:09,238 [Forwarding maximizeWindow on session e85a61849b7049005bc4abdf66e3c13e to remote] http-outgoing-0 >> "User-Agent: Apache-HttpClient/4.5.1 (Java/1.8.0_152)[\r][\n]"
2019-03-19 12:22:09,238 [Forwarding maximizeWindow on session e85a61849b7049005bc4abdf66e3c13e to remote] http-outgoing-0 >> "Accept-Encoding: gzip,deflate[\r][\n]"
2019-03-19 12:22:09,239 [Forwarding maximizeWindow on session e85a61849b7049005bc4abdf66e3c13e to remote] http-outgoing-0 >> "[\r][\n]"
2019-03-19 12:22:09,239 [Forwarding maximizeWindow on session e85a61849b7049005bc4abdf66e3c13e to remote] http-outgoing-0 >> "{"windowHandle":"current"}"
2019-03-19 12:22:10,365 [Forwarding maximizeWindow on session e85a61849b7049005bc4abdf66e3c13e to remote] http-outgoing-0 << "HTTP/1.1 200 OK[\r][\n]"
2019-03-19 12:22:10,365 [Forwarding maximizeWindow on session e85a61849b7049005bc4abdf66e3c13e to remote] http-outgoing-0 << "Content-Length:109[\r][\n]"
2019-03-19 12:22:10,365 [Forwarding maximizeWindow on session e85a61849b7049005bc4abdf66e3c13e to remote] http-outgoing-0 << "Content-Type:application/json; charset=utf-8[\r][\n]"
2019-03-19 12:22:10,365 [Forwarding maximizeWindow on session e85a61849b7049005bc4abdf66e3c13e to remote] http-outgoing-0 << "[\r][\n]"
2019-03-19 12:22:10,365 [Forwarding maximizeWindow on session e85a61849b7049005bc4abdf66e3c13e to remote] http-outgoing-0 << "{"sessionId":"e85a61849b7049005bc4abdf66e3c13e","status":0,"value":{"height":696,"width":1296,"x":-8,"y":-8}}"
2019-03-19 12:22:10,365 [Forwarding maximizeWindow on session e85a61849b7049005bc4abdf66e3c13e to remote] http-outgoing-0 << HTTP/1.1 200 OK
2019-03-19 12:22:10,366 [Forwarding maximizeWindow on session e85a61849b7049005bc4abdf66e3c13e to remote] http-outgoing-0 << Content-Length:109
2019-03-19 12:22:10,366 [Forwarding maximizeWindow on session e85a61849b7049005bc4abdf66e3c13e to remote] http-outgoing-0 << Content-Type:application/json; charset=utf-8
2019-03-19 12:22:10,366 [Forwarding maximizeWindow on session e85a61849b7049005bc4abdf66e3c13e to remote] Connection can be kept alive indefinitely
2019-03-19 12:22:10,366 [Forwarding maximizeWindow on session e85a61849b7049005bc4abdf66e3c13e to remote] Connection [id: 0][route: {}->http://localhost:23523] can be kept alive indefinitely
2019-03-19 12:22:10,366 [Forwarding maximizeWindow on session e85a61849b7049005bc4abdf66e3c13e to remote] Connection released: [id: 0][route: {}->http://localhost:23523][total kept alive: 1; route allocated: 1 of 2000; total allocated: 1 of 2000]
2019-03-19 12:22:10,367 [Forwarding deleteAllCookies on session e85a61849b7049005bc4abdf66e3c13e to remote] CookieSpec selected: default
2019-03-19 12:22:10,367 [Forwarding deleteAllCookies on session e85a61849b7049005bc4abdf66e3c13e to remote] Auth cache not set in the context
2019-03-19 12:22:10,367 [Forwarding deleteAllCookies on session e85a61849b7049005bc4abdf66e3c13e to remote] Connection request: [route: {}->http://localhost:23523][total kept alive: 1; route allocated: 1 of 2000; total allocated: 1 of 2000]
2019-03-19 12:22:10,367 [Forwarding deleteAllCookies on session e85a61849b7049005bc4abdf66e3c13e to remote] Connection leased: [id: 0][route: {}->http://localhost:23523][total kept alive: 0; route allocated: 1 of 2000; total allocated: 1 of 2000]
2019-03-19 12:22:10,367 [Forwarding deleteAllCookies on session e85a61849b7049005bc4abdf66e3c13e to remote] Stale connection check
2019-03-19 12:22:10,370 [Forwarding deleteAllCookies on session e85a61849b7049005bc4abdf66e3c13e to remote] http-outgoing-0 << "[read] I/O error: Read timed out"
2019-03-19 12:22:10,370 [Forwarding deleteAllCookies on session e85a61849b7049005bc4abdf66e3c13e to remote] http-outgoing-0: set socket timeout to 10800000
2019-03-19 12:22:10,371 [Forwarding deleteAllCookies on session e85a61849b7049005bc4abdf66e3c13e to remote] Executing request DELETE /session/e85a61849b7049005bc4abdf66e3c13e/cookie HTTP/1.1
2019-03-19 12:22:10,371 [Forwarding deleteAllCookies on session e85a61849b7049005bc4abdf66e3c13e to remote] Target auth state: UNCHALLENGED
2019-03-19 12:22:10,371 [Forwarding deleteAllCookies on session e85a61849b7049005bc4abdf66e3c13e to remote] Proxy auth state: UNCHALLENGED
2019-03-19 12:22:10,371 [Forwarding deleteAllCookies on session e85a61849b7049005bc4abdf66e3c13e to remote] http-outgoing-0 >> DELETE /session/e85a61849b7049005bc4abdf66e3c13e/cookie HTTP/1.1
2019-03-19 12:22:10,371 [Forwarding deleteAllCookies on session e85a61849b7049005bc4abdf66e3c13e to remote] http-outgoing-0 >> Host: localhost:23523
2019-03-19 12:22:10,371 [Forwarding deleteAllCookies on session e85a61849b7049005bc4abdf66e3c13e to remote] http-outgoing-0 >> Connection: Keep-Alive
2019-03-19 12:22:10,371 [Forwarding deleteAllCookies on session e85a61849b7049005bc4abdf66e3c13e to remote] http-outgoing-0 >> User-Agent: Apache-HttpClient/4.5.1 (Java/1.8.0_152)
2019-03-19 12:22:10,371 [Forwarding deleteAllCookies on session e85a61849b7049005bc4abdf66e3c13e to remote] http-outgoing-0 >> Accept-Encoding: gzip,deflate
2019-03-19 12:22:10,371 [Forwarding deleteAllCookies on session e85a61849b7049005bc4abdf66e3c13e to remote] http-outgoing-0 >> "DELETE /session/e85a61849b7049005bc4abdf66e3c13e/cookie HTTP/1.1[\r][\n]"
2019-03-19 12:22:10,371 [Forwarding deleteAllCookies on session e85a61849b7049005bc4abdf66e3c13e to remote] http-outgoing-0 >> "Host: localhost:23523[\r][\n]"
2019-03-19 12:22:10,372 [Forwarding deleteAllCookies on session e85a61849b7049005bc4abdf66e3c13e to remote] http-outgoing-0 >> "Connection: Keep-Alive[\r][\n]"
2019-03-19 12:22:10,372 [Forwarding deleteAllCookies on session e85a61849b7049005bc4abdf66e3c13e to remote] http-outgoing-0 >> "User-Agent: Apache-HttpClient/4.5.1 (Java/1.8.0_152)[\r][\n]"
2019-03-19 12:22:10,372 [Forwarding deleteAllCookies on session e85a61849b7049005bc4abdf66e3c13e to remote] http-outgoing-0 >> "Accept-Encoding: gzip,deflate[\r][\n]"
2019-03-19 12:22:10,372 [Forwarding deleteAllCookies on session e85a61849b7049005bc4abdf66e3c13e to remote] http-outgoing-0 >> "[\r][\n]"
2019-03-19 12:22:10,552 [Forwarding deleteAllCookies on session e85a61849b7049005bc4abdf66e3c13e to remote] http-outgoing-0 << "HTTP/1.1 200 OK[\r][\n]"
2019-03-19 12:22:10,552 [Forwarding deleteAllCookies on session e85a61849b7049005bc4abdf66e3c13e to remote] http-outgoing-0 << "Content-Length:72[\r][\n]"
2019-03-19 12:22:10,553 [Forwarding deleteAllCookies on session e85a61849b7049005bc4abdf66e3c13e to remote] http-outgoing-0 << "Content-Type:application/json; charset=utf-8[\r][\n]"
2019-03-19 12:22:10,553 [Forwarding deleteAllCookies on session e85a61849b7049005bc4abdf66e3c13e to remote] http-outgoing-0 << "[\r][\n]"
2019-03-19 12:22:10,658 [Forwarding deleteAllCookies on session e85a61849b7049005bc4abdf66e3c13e to remote] http-outgoing-0 << "{"sessionId":"e85a61849b7049005bc4abdf66e3c13e","status":0,"value":null}"
2019-03-19 12:22:10,658 [Forwarding deleteAllCookies on session e85a61849b7049005bc4abdf66e3c13e to remote] http-outgoing-0 << HTTP/1.1 200 OK
2019-03-19 12:22:10,658 [Forwarding deleteAllCookies on session e85a61849b7049005bc4abdf66e3c13e to remote] http-outgoing-0 << Content-Length:72
2019-03-19 12:22:10,658 [Forwarding deleteAllCookies on session e85a61849b7049005bc4abdf66e3c13e to remote] http-outgoing-0 << Content-Type:application/json; charset=utf-8
2019-03-19 12:22:10,658 [Forwarding deleteAllCookies on session e85a61849b7049005bc4abdf66e3c13e to remote] Connection can be kept alive indefinitely
2019-03-19 12:22:10,658 [Forwarding deleteAllCookies on session e85a61849b7049005bc4abdf66e3c13e to remote] Connection [id: 0][route: {}->http://localhost:23523] can be kept alive indefinitely
2019-03-19 12:22:10,658 [Forwarding deleteAllCookies on session e85a61849b7049005bc4abdf66e3c13e to remote] Connection released: [id: 0][route: {}->http://localhost:23523][total kept alive: 1; route allocated: 1 of 2000; total allocated: 1 of 2000]
2019-03-19 12:22:10,660 [Forwarding setTimeout on session e85a61849b7049005bc4abdf66e3c13e to remote] CookieSpec selected: default
2019-03-19 12:22:10,660 [Forwarding setTimeout on session e85a61849b7049005bc4abdf66e3c13e to remote] Auth cache not set in the context
2019-03-19 12:22:10,660 [Forwarding setTimeout on session e85a61849b7049005bc4abdf66e3c13e to remote] Connection request: [route: {}->http://localhost:23523][total kept alive: 1; route allocated: 1 of 2000; total allocated: 1 of 2000]
2019-03-19 12:22:10,660 [Forwarding setTimeout on session e85a61849b7049005bc4abdf66e3c13e to remote] Connection leased: [id: 0][route: {}->http://localhost:23523][total kept alive: 0; route allocated: 1 of 2000; total allocated: 1 of 2000]
2019-03-19 12:22:10,660 [Forwarding setTimeout on session e85a61849b7049005bc4abdf66e3c13e to remote] Stale connection check
2019-03-19 12:22:10,662 [Forwarding setTimeout on session e85a61849b7049005bc4abdf66e3c13e to remote] http-outgoing-0 << "[read] I/O error: Read timed out"
2019-03-19 12:22:10,662 [Forwarding setTimeout on session e85a61849b7049005bc4abdf66e3c13e to remote] http-outgoing-0: set socket timeout to 10800000
2019-03-19 12:22:10,662 [Forwarding setTimeout on session e85a61849b7049005bc4abdf66e3c13e to remote] Executing request POST /session/e85a61849b7049005bc4abdf66e3c13e/timeouts HTTP/1.1
2019-03-19 12:22:10,662 [Forwarding setTimeout on session e85a61849b7049005bc4abdf66e3c13e to remote] Target auth state: UNCHALLENGED
2019-03-19 12:22:10,662 [Forwarding setTimeout on session e85a61849b7049005bc4abdf66e3c13e to remote] Proxy auth state: UNCHALLENGED
2019-03-19 12:22:10,662 [Forwarding setTimeout on session e85a61849b7049005bc4abdf66e3c13e to remote] http-outgoing-0 >> POST /session/e85a61849b7049005bc4abdf66e3c13e/timeouts HTTP/1.1
2019-03-19 12:22:10,663 [Forwarding setTimeout on session e85a61849b7049005bc4abdf66e3c13e to remote] http-outgoing-0 >> Content-Type: application/json; charset=utf-8
2019-03-19 12:22:10,663 [Forwarding setTimeout on session e85a61849b7049005bc4abdf66e3c13e to remote] http-outgoing-0 >> Content-Length: 30
2019-03-19 12:22:10,663 [Forwarding setTimeout on session e85a61849b7049005bc4abdf66e3c13e to remote] http-outgoing-0 >> Host: localhost:23523
2019-03-19 12:22:10,663 [Forwarding setTimeout on session e85a61849b7049005bc4abdf66e3c13e to remote] http-outgoing-0 >> Connection: Keep-Alive
2019-03-19 12:22:10,663 [Forwarding setTimeout on session e85a61849b7049005bc4abdf66e3c13e to remote] http-outgoing-0 >> User-Agent: Apache-HttpClient/4.5.1 (Java/1.8.0_152)
2019-03-19 12:22:10,663 [Forwarding setTimeout on session e85a61849b7049005bc4abdf66e3c13e to remote] http-outgoing-0 >> Accept-Encoding: gzip,deflate
2019-03-19 12:22:10,663 [Forwarding setTimeout on session e85a61849b7049005bc4abdf66e3c13e to remote] http-outgoing-0 >> "POST /session/e85a61849b7049005bc4abdf66e3c13e/timeouts HTTP/1.1[\r][\n]"
2019-03-19 12:22:10,663 [Forwarding setTimeout on session e85a61849b7049005bc4abdf66e3c13e to remote] http-outgoing-0 >> "Content-Type: application/json; charset=utf-8[\r][\n]"
2019-03-19 12:22:10,663 [Forwarding setTimeout on session e85a61849b7049005bc4abdf66e3c13e to remote] http-outgoing-0 >> "Content-Length: 30[\r][\n]"
2019-03-19 12:22:10,663 [Forwarding setTimeout on session e85a61849b7049005bc4abdf66e3c13e to remote] http-outgoing-0 >> "Host: localhost:23523[\r][\n]"
2019-03-19 12:22:10,663 [Forwarding setTimeout on session e85a61849b7049005bc4abdf66e3c13e to remote] http-outgoing-0 >> "Connection: Keep-Alive[\r][\n]"
2019-03-19 12:22:10,663 [Forwarding setTimeout on session e85a61849b7049005bc4abdf66e3c13e to remote] http-outgoing-0 >> "User-Agent: Apache-HttpClient/4.5.1 (Java/1.8.0_152)[\r][\n]"
2019-03-19 12:22:10,663 [Forwarding setTimeout on session e85a61849b7049005bc4abdf66e3c13e to remote] http-outgoing-0 >> "Accept-Encoding: gzip,deflate[\r][\n]"
2019-03-19 12:22:10,663 [Forwarding setTimeout on session e85a61849b7049005bc4abdf66e3c13e to remote] http-outgoing-0 >> "[\r][\n]"
2019-03-19 12:22:10,663 [Forwarding setTimeout on session e85a61849b7049005bc4abdf66e3c13e to remote] http-outgoing-0 >> "{"type":"implicit","ms":30000}"
2019-03-19 12:22:10,665 [Forwarding setTimeout on session e85a61849b7049005bc4abdf66e3c13e to remote] http-outgoing-0 << "HTTP/1.1 200 OK[\r][\n]"
2019-03-19 12:22:10,665 [Forwarding setTimeout on session e85a61849b7049005bc4abdf66e3c13e to remote] http-outgoing-0 << "Content-Length:72[\r][\n]"
2019-03-19 12:22:10,665 [Forwarding setTimeout on session e85a61849b7049005bc4abdf66e3c13e to remote] http-outgoing-0 << "Content-Type:application/json; charset=utf-8[\r][\n]"
2019-03-19 12:22:10,665 [Forwarding setTimeout on session e85a61849b7049005bc4abdf66e3c13e to remote] http-outgoing-0 << "[\r][\n]"
2019-03-19 12:22:10,665 [Forwarding setTimeout on session e85a61849b7049005bc4abdf66e3c13e to remote] http-outgoing-0 << "{"sessionId":"e85a61849b7049005bc4abdf66e3c13e","status":0,"value":null}"
2019-03-19 12:22:10,665 [Forwarding setTimeout on session e85a61849b7049005bc4abdf66e3c13e to remote] http-outgoing-0 << HTTP/1.1 200 OK
2019-03-19 12:22:10,665 [Forwarding setTimeout on session e85a61849b7049005bc4abdf66e3c13e to remote] http-outgoing-0 << Content-Length:72
2019-03-19 12:22:10,665 [Forwarding setTimeout on session e85a61849b7049005bc4abdf66e3c13e to remote] http-outgoing-0 << Content-Type:application/json; charset=utf-8
2019-03-19 12:22:10,665 [Forwarding setTimeout on session e85a61849b7049005bc4abdf66e3c13e to remote] Connection can be kept alive indefinitely
2019-03-19 12:22:10,665 [Forwarding setTimeout on session e85a61849b7049005bc4abdf66e3c13e to remote] Connection [id: 0][route: {}->http://localhost:23523] can be kept alive indefinitely
2019-03-19 12:22:10,665 [Forwarding setTimeout on session e85a61849b7049005bc4abdf66e3c13e to remote] Connection released: [id: 0][route: {}->http://localhost:23523][total kept alive: 1; route allocated: 1 of 2000; total allocated: 1 of 2000]
2019-03-19 12:22:10,666 [main] Launching Chrome browser
2019-03-19 12:22:10,667 [Forwarding get on session e85a61849b7049005bc4abdf66e3c13e to remote] CookieSpec selected: default
2019-03-19 12:22:10,667 [Forwarding get on session e85a61849b7049005bc4abdf66e3c13e to remote] Auth cache not set in the context
2019-03-19 12:22:10,667 [Forwarding get on session e85a61849b7049005bc4abdf66e3c13e to remote] Connection request: [route: {}->http://localhost:23523][total kept alive: 1; route allocated: 1 of 2000; total allocated: 1 of 2000]
2019-03-19 12:22:10,667 [Forwarding get on session e85a61849b7049005bc4abdf66e3c13e to remote] Connection leased: [id: 0][route: {}->http://localhost:23523][total kept alive: 0; route allocated: 1 of 2000; total allocated: 1 of 2000]
2019-03-19 12:22:10,667 [Forwarding get on session e85a61849b7049005bc4abdf66e3c13e to remote] Stale connection check
2019-03-19 12:22:10,669 [Forwarding get on session e85a61849b7049005bc4abdf66e3c13e to remote] http-outgoing-0 << "[read] I/O error: Read timed out"
2019-03-19 12:22:10,669 [Forwarding get on session e85a61849b7049005bc4abdf66e3c13e to remote] http-outgoing-0: set socket timeout to 10800000
2019-03-19 12:22:10,669 [Forwarding get on session e85a61849b7049005bc4abdf66e3c13e to remote] Executing request POST /session/e85a61849b7049005bc4abdf66e3c13e/url HTTP/1.1
2019-03-19 12:22:10,669 [Forwarding get on session e85a61849b7049005bc4abdf66e3c13e to remote] Target auth state: UNCHALLENGED
2019-03-19 12:22:10,669 [Forwarding get on session e85a61849b7049005bc4abdf66e3c13e to remote] Proxy auth state: UNCHALLENGED
2019-03-19 12:22:10,669 [Forwarding get on session e85a61849b7049005bc4abdf66e3c13e to remote] http-outgoing-0 >> POST /session/e85a61849b7049005bc4abdf66e3c13e/url HTTP/1.1
2019-03-19 12:22:10,669 [Forwarding get on session e85a61849b7049005bc4abdf66e3c13e to remote] http-outgoing-0 >> Content-Type: application/json; charset=utf-8
2019-03-19 12:22:10,669 [Forwarding get on session e85a61849b7049005bc4abdf66e3c13e to remote] http-outgoing-0 >> Content-Length: 59
2019-03-19 12:22:10,669 [Forwarding get on session e85a61849b7049005bc4abdf66e3c13e to remote] http-outgoing-0 >> Host: localhost:23523
2019-03-19 12:22:10,669 [Forwarding get on session e85a61849b7049005bc4abdf66e3c13e to remote] http-outgoing-0 >> Connection: Keep-Alive
2019-03-19 12:22:10,669 [Forwarding get on session e85a61849b7049005bc4abdf66e3c13e to remote] http-outgoing-0 >> User-Agent: Apache-HttpClient/4.5.1 (Java/1.8.0_152)
2019-03-19 12:22:10,669 [Forwarding get on session e85a61849b7049005bc4abdf66e3c13e to remote] http-outgoing-0 >> Accept-Encoding: gzip,deflate
2019-03-19 12:22:10,669 [Forwarding get on session e85a61849b7049005bc4abdf66e3c13e to remote] http-outgoing-0 >> "POST /session/e85a61849b7049005bc4abdf66e3c13e/url HTTP/1.1[\r][\n]"
2019-03-19 12:22:10,669 [Forwarding get on session e85a61849b7049005bc4abdf66e3c13e to remote] http-outgoing-0 >> "Content-Type: application/json; charset=utf-8[\r][\n]"
2019-03-19 12:22:10,669 [Forwarding get on session e85a61849b7049005bc4abdf66e3c13e to remote] http-outgoing-0 >> "Content-Length: 59[\r][\n]"
2019-03-19 12:22:10,669 [Forwarding get on session e85a61849b7049005bc4abdf66e3c13e to remote] http-outgoing-0 >> "Host: localhost:23523[\r][\n]"
2019-03-19 12:22:10,669 [Forwarding get on session e85a61849b7049005bc4abdf66e3c13e to remote] http-outgoing-0 >> "Connection: Keep-Alive[\r][\n]"
2019-03-19 12:22:10,669 [Forwarding get on session e85a61849b7049005bc4abdf66e3c13e to remote] http-outgoing-0 >> "User-Agent: Apache-HttpClient/4.5.1 (Java/1.8.0_152)[\r][\n]"
2019-03-19 12:22:10,669 [Forwarding get on session e85a61849b7049005bc4abdf66e3c13e to remote] http-outgoing-0 >> "Accept-Encoding: gzip,deflate[\r][\n]"
2019-03-19 12:22:10,670 [Forwarding get on session e85a61849b7049005bc4abdf66e3c13e to remote] http-outgoing-0 >> "[\r][\n]"
2019-03-19 12:22:10,670 [Forwarding get on session e85a61849b7049005bc4abdf66e3c13e to remote] http-outgoing-0 >> "{"url":"https://www.toolsqa.com/automation-practice-form/"}"
2019-03-19 12:22:13,084 [Forwarding get on session e85a61849b7049005bc4abdf66e3c13e to remote] http-outgoing-0 << "HTTP/1.1 200 OK[\r][\n]"
2019-03-19 12:22:13,084 [Forwarding get on session e85a61849b7049005bc4abdf66e3c13e to remote] http-outgoing-0 << "Content-Length:72[\r][\n]"
2019-03-19 12:22:13,084 [Forwarding get on session e85a61849b7049005bc4abdf66e3c13e to remote] http-outgoing-0 << "Content-Type:application/json; charset=utf-8[\r][\n]"
2019-03-19 12:22:13,084 [Forwarding get on session e85a61849b7049005bc4abdf66e3c13e to remote] http-outgoing-0 << "[\r][\n]"
2019-03-19 12:22:13,084 [Forwarding get on session e85a61849b7049005bc4abdf66e3c13e to remote] http-outgoing-0 << "{"sessionId":"e85a61849b7049005bc4abdf66e3c13e","status":0,"value":null}"
2019-03-19 12:22:13,084 [Forwarding get on session e85a61849b7049005bc4abdf66e3c13e to remote] http-outgoing-0 << HTTP/1.1 200 OK
2019-03-19 12:22:13,084 [Forwarding get on session e85a61849b7049005bc4abdf66e3c13e to remote] http-outgoing-0 << Content-Length:72
2019-03-19 12:22:13,085 [Forwarding get on session e85a61849b7049005bc4abdf66e3c13e to remote] http-outgoing-0 << Content-Type:application/json; charset=utf-8
2019-03-19 12:22:13,085 [Forwarding get on session e85a61849b7049005bc4abdf66e3c13e to remote] Connection can be kept alive indefinitely
2019-03-19 12:22:13,085 [Forwarding get on session e85a61849b7049005bc4abdf66e3c13e to remote] Connection [id: 0][route: {}->http://localhost:23523] can be kept alive indefinitely
2019-03-19 12:22:13,085 [Forwarding get on session e85a61849b7049005bc4abdf66e3c13e to remote] Connection released: [id: 0][route: {}->http://localhost:23523][total kept alive: 1; route allocated: 1 of 2000; total allocated: 1 of 2000]
2019-03-19 12:22:13,086 [main] Opening web application
2019-03-19 12:22:13,272 [main] PageFactory class initiated
2019-03-19 12:22:13,272 [main] firstname webelement found
2019-03-19 12:22:13,866 [main] PageFactory class initiated
2019-03-19 12:22:13,866 [main] firstname webelement found
2019-03-19 12:22:13,868 [Forwarding findElement on session e85a61849b7049005bc4abdf66e3c13e to remote] CookieSpec selected: default
2019-03-19 12:22:13,868 [Forwarding findElement on session e85a61849b7049005bc4abdf66e3c13e to remote] Auth cache not set in the context
2019-03-19 12:22:13,869 [Forwarding findElement on session e85a61849b7049005bc4abdf66e3c13e to remote] Connection request: [route: {}->http://localhost:23523][total kept alive: 1; route allocated: 1 of 2000; total allocated: 1 of 2000]
2019-03-19 12:22:13,869 [Forwarding findElement on session e85a61849b7049005bc4abdf66e3c13e to remote] Connection leased: [id: 0][route: {}->http://localhost:23523][total kept alive: 0; route allocated: 1 of 2000; total allocated: 1 of 2000]
2019-03-19 12:22:13,869 [Forwarding findElement on session e85a61849b7049005bc4abdf66e3c13e to remote] Stale connection check
2019-03-19 12:22:13,871 [Forwarding findElement on session e85a61849b7049005bc4abdf66e3c13e to remote] http-outgoing-0 << "[read] I/O error: Read timed out"
2019-03-19 12:22:13,871 [Forwarding findElement on session e85a61849b7049005bc4abdf66e3c13e to remote] http-outgoing-0: set socket timeout to 10800000
2019-03-19 12:22:13,871 [Forwarding findElement on session e85a61849b7049005bc4abdf66e3c13e to remote] Executing request POST /session/e85a61849b7049005bc4abdf66e3c13e/element HTTP/1.1
2019-03-19 12:22:13,871 [Forwarding findElement on session e85a61849b7049005bc4abdf66e3c13e to remote] Target auth state: UNCHALLENGED
2019-03-19 12:22:13,871 [Forwarding findElement on session e85a61849b7049005bc4abdf66e3c13e to remote] Proxy auth state: UNCHALLENGED
2019-03-19 12:22:13,871 [Forwarding findElement on session e85a61849b7049005bc4abdf66e3c13e to remote] http-outgoing-0 >> POST /session/e85a61849b7049005bc4abdf66e3c13e/element HTTP/1.1
2019-03-19 12:22:13,872 [Forwarding findElement on session e85a61849b7049005bc4abdf66e3c13e to remote] http-outgoing-0 >> Content-Type: application/json; charset=utf-8
2019-03-19 12:22:13,872 [Forwarding findElement on session e85a61849b7049005bc4abdf66e3c13e to remote] http-outgoing-0 >> Content-Length: 36
2019-03-19 12:22:13,872 [Forwarding findElement on session e85a61849b7049005bc4abdf66e3c13e to remote] http-outgoing-0 >> Host: localhost:23523
2019-03-19 12:22:13,872 [Forwarding findElement on session e85a61849b7049005bc4abdf66e3c13e to remote] http-outgoing-0 >> Connection: Keep-Alive
2019-03-19 12:22:13,872 [Forwarding findElement on session e85a61849b7049005bc4abdf66e3c13e to remote] http-outgoing-0 >> User-Agent: Apache-HttpClient/4.5.1 (Java/1.8.0_152)
2019-03-19 12:22:13,873 [Forwarding findElement on session e85a61849b7049005bc4abdf66e3c13e to remote] http-outgoing-0 >> Accept-Encoding: gzip,deflate
2019-03-19 12:22:13,873 [Forwarding findElement on session e85a61849b7049005bc4abdf66e3c13e to remote] http-outgoing-0 >> "POST /session/e85a61849b7049005bc4abdf66e3c13e/element HTTP/1.1[\r][\n]"
2019-03-19 12:22:13,874 [Forwarding findElement on session e85a61849b7049005bc4abdf66e3c13e to remote] http-outgoing-0 >> "Content-Type: application/json; charset=utf-8[\r][\n]"
2019-03-19 12:22:13,874 [Forwarding findElement on session e85a61849b7049005bc4abdf66e3c13e to remote] http-outgoing-0 >> "Content-Length: 36[\r][\n]"
2019-03-19 12:22:13,874 [Forwarding findElement on session e85a61849b7049005bc4abdf66e3c13e to remote] http-outgoing-0 >> "Host: localhost:23523[\r][\n]"
2019-03-19 12:22:13,874 [Forwarding findElement on session e85a61849b7049005bc4abdf66e3c13e to remote] http-outgoing-0 >> "Connection: Keep-Alive[\r][\n]"
2019-03-19 12:22:13,874 [Forwarding findElement on session e85a61849b7049005bc4abdf66e3c13e to remote] http-outgoing-0 >> "User-Agent: Apache-HttpClient/4.5.1 (Java/1.8.0_152)[\r][\n]"
2019-03-19 12:22:13,874 [Forwarding findElement on session e85a61849b7049005bc4abdf66e3c13e to remote] http-outgoing-0 >> "Accept-Encoding: gzip,deflate[\r][\n]"
2019-03-19 12:22:13,874 [Forwarding findElement on session e85a61849b7049005bc4abdf66e3c13e to remote] http-outgoing-0 >> "[\r][\n]"
2019-03-19 12:22:13,874 [Forwarding findElement on session e85a61849b7049005bc4abdf66e3c13e to remote] http-outgoing-0 >> "{"using":"name","value":"firstname"}"
2019-03-19 12:22:13,898 [Forwarding findElement on session e85a61849b7049005bc4abdf66e3c13e to remote] http-outgoing-0 << "HTTP/1.1 200 OK[\r][\n]"
2019-03-19 12:22:13,899 [Forwarding findElement on session e85a61849b7049005bc4abdf66e3c13e to remote] http-outgoing-0 << "Content-Length:102[\r][\n]"
2019-03-19 12:22:13,899 [Forwarding findElement on session e85a61849b7049005bc4abdf66e3c13e to remote] http-outgoing-0 << "Content-Type:application/json; charset=utf-8[\r][\n]"
2019-03-19 12:22:13,899 [Forwarding findElement on session e85a61849b7049005bc4abdf66e3c13e to remote] http-outgoing-0 << "[\r][\n]"
2019-03-19 12:22:13,899 [Forwarding findElement on session e85a61849b7049005bc4abdf66e3c13e to remote] http-outgoing-0 << "{"sessionId":"e85a61849b7049005bc4abdf66e3c13e","status":0,"value":{"ELEMENT":"0.6874176506829066-1"}}"
2019-03-19 12:22:13,899 [Forwarding findElement on session e85a61849b7049005bc4abdf66e3c13e to remote] http-outgoing-0 << HTTP/1.1 200 OK
2019-03-19 12:22:13,899 [Forwarding findElement on session e85a61849b7049005bc4abdf66e3c13e to remote] http-outgoing-0 << Content-Length:102
2019-03-19 12:22:13,899 [Forwarding findElement on session e85a61849b7049005bc4abdf66e3c13e to remote] http-outgoing-0 << Content-Type:application/json; charset=utf-8
2019-03-19 12:22:13,899 [Forwarding findElement on session e85a61849b7049005bc4abdf66e3c13e to remote] Connection can be kept alive indefinitely
2019-03-19 12:22:13,899 [Forwarding findElement on session e85a61849b7049005bc4abdf66e3c13e to remote] Connection [id: 0][route: {}->http://localhost:23523] can be kept alive indefinitely
2019-03-19 12:22:13,899 [Forwarding findElement on session e85a61849b7049005bc4abdf66e3c13e to remote] Connection released: [id: 0][route: {}->http://localhost:23523][total kept alive: 1; route allocated: 1 of 2000; total allocated: 1 of 2000]
2019-03-19 12:22:13,905 [Forwarding sendKeysToElement on session e85a61849b7049005bc4abdf66e3c13e to remote] CookieSpec selected: default
2019-03-19 12:22:13,905 [Forwarding sendKeysToElement on session e85a61849b7049005bc4abdf66e3c13e to remote] Auth cache not set in the context
2019-03-19 12:22:13,905 [Forwarding sendKeysToElement on session e85a61849b7049005bc4abdf66e3c13e to remote] Connection request: [route: {}->http://localhost:23523][total kept alive: 1; route allocated: 1 of 2000; total allocated: 1 of 2000]
2019-03-19 12:22:13,905 [Forwarding sendKeysToElement on session e85a61849b7049005bc4abdf66e3c13e to remote] Connection leased: [id: 0][route: {}->http://localhost:23523][total kept alive: 0; route allocated: 1 of 2000; total allocated: 1 of 2000]
2019-03-19 12:22:13,905 [Forwarding sendKeysToElement on session e85a61849b7049005bc4abdf66e3c13e to remote] Stale connection check
2019-03-19 12:22:13,907 [Forwarding sendKeysToElement on session e85a61849b7049005bc4abdf66e3c13e to remote] http-outgoing-0 << "[read] I/O error: Read timed out"
2019-03-19 12:22:13,907 [Forwarding sendKeysToElement on session e85a61849b7049005bc4abdf66e3c13e to remote] http-outgoing-0: set socket timeout to 10800000
2019-03-19 12:22:13,907 [Forwarding sendKeysToElement on session e85a61849b7049005bc4abdf66e3c13e to remote] Executing request POST /session/e85a61849b7049005bc4abdf66e3c13e/element/0.6874176506829066-1/value HTTP/1.1
2019-03-19 12:22:13,907 [Forwarding sendKeysToElement on session e85a61849b7049005bc4abdf66e3c13e to remote] Target auth state: UNCHALLENGED
2019-03-19 12:22:13,907 [Forwarding sendKeysToElement on session e85a61849b7049005bc4abdf66e3c13e to remote] Proxy auth state: UNCHALLENGED
2019-03-19 12:22:13,907 [Forwarding sendKeysToElement on session e85a61849b7049005bc4abdf66e3c13e to remote] http-outgoing-0 >> POST /session/e85a61849b7049005bc4abdf66e3c13e/element/0.6874176506829066-1/value HTTP/1.1
2019-03-19 12:22:13,907 [Forwarding sendKeysToElement on session e85a61849b7049005bc4abdf66e3c13e to remote] http-outgoing-0 >> Content-Type: application/json; charset=utf-8
2019-03-19 12:22:13,907 [Forwarding sendKeysToElement on session e85a61849b7049005bc4abdf66e3c13e to remote] http-outgoing-0 >> Content-Length: 52
2019-03-19 12:22:13,907 [Forwarding sendKeysToElement on session e85a61849b7049005bc4abdf66e3c13e to remote] http-outgoing-0 >> Host: localhost:23523
2019-03-19 12:22:13,907 [Forwarding sendKeysToElement on session e85a61849b7049005bc4abdf66e3c13e to remote] http-outgoing-0 >> Connection: Keep-Alive
2019-03-19 12:22:13,907 [Forwarding sendKeysToElement on session e85a61849b7049005bc4abdf66e3c13e to remote] http-outgoing-0 >> User-Agent: Apache-HttpClient/4.5.1 (Java/1.8.0_152)
2019-03-19 12:22:13,907 [Forwarding sendKeysToElement on session e85a61849b7049005bc4abdf66e3c13e to remote] http-outgoing-0 >> Accept-Encoding: gzip,deflate
2019-03-19 12:22:13,907 [Forwarding sendKeysToElement on session e85a61849b7049005bc4abdf66e3c13e to remote] http-outgoing-0 >> "POST /session/e85a61849b7049005bc4abdf66e3c13e/element/0.6874176506829066-1/value HTTP/1.1[\r][\n]"
2019-03-19 12:22:13,907 [Forwarding sendKeysToElement on session e85a61849b7049005bc4abdf66e3c13e to remote] http-outgoing-0 >> "Content-Type: application/json; charset=utf-8[\r][\n]"
2019-03-19 12:22:13,907 [Forwarding sendKeysToElement on session e85a61849b7049005bc4abdf66e3c13e to remote] http-outgoing-0 >> "Content-Length: 52[\r][\n]"
2019-03-19 12:22:13,907 [Forwarding sendKeysToElement on session e85a61849b7049005bc4abdf66e3c13e to remote] http-outgoing-0 >> "Host: localhost:23523[\r][\n]"
2019-03-19 12:22:13,907 [Forwarding sendKeysToElement on session e85a61849b7049005bc4abdf66e3c13e to remote] http-outgoing-0 >> "Connection: Keep-Alive[\r][\n]"
2019-03-19 12:22:13,907 [Forwarding sendKeysToElement on session e85a61849b7049005bc4abdf66e3c13e to remote] http-outgoing-0 >> "User-Agent: Apache-HttpClient/4.5.1 (Java/1.8.0_152)[\r][\n]"
2019-03-19 12:22:13,907 [Forwarding sendKeysToElement on session e85a61849b7049005bc4abdf66e3c13e to remote] http-outgoing-0 >> "Accept-Encoding: gzip,deflate[\r][\n]"
2019-03-19 12:22:13,908 [Forwarding sendKeysToElement on session e85a61849b7049005bc4abdf66e3c13e to remote] http-outgoing-0 >> "[\r][\n]"
2019-03-19 12:22:13,908 [Forwarding sendKeysToElement on session e85a61849b7049005bc4abdf66e3c13e to remote] http-outgoing-0 >> "{"id":"0.6874176506829066-1","value":["firstname1"]}"
2019-03-19 12:22:14,012 [Forwarding sendKeysToElement on session e85a61849b7049005bc4abdf66e3c13e to remote] http-outgoing-0 << "HTTP/1.1 200 OK[\r][\n]"
2019-03-19 12:22:14,012 [Forwarding sendKeysToElement on session e85a61849b7049005bc4abdf66e3c13e to remote] http-outgoing-0 << "Content-Length:72[\r][\n]"
2019-03-19 12:22:14,012 [Forwarding sendKeysToElement on session e85a61849b7049005bc4abdf66e3c13e to remote] http-outgoing-0 << "Content-Type:application/json; charset=utf-8[\r][\n]"
2019-03-19 12:22:14,012 [Forwarding sendKeysToElement on session e85a61849b7049005bc4abdf66e3c13e to remote] http-outgoing-0 << "[\r][\n]"
2019-03-19 12:22:14,012 [Forwarding sendKeysToElement on session e85a61849b7049005bc4abdf66e3c13e to remote] http-outgoing-0 << "{"sessionId":"e85a61849b7049005bc4abdf66e3c13e","status":0,"value":null}"
2019-03-19 12:22:14,012 [Forwarding sendKeysToElement on session e85a61849b7049005bc4abdf66e3c13e to remote] http-outgoing-0 << HTTP/1.1 200 OK
2019-03-19 12:22:14,012 [Forwarding sendKeysToElement on session e85a61849b7049005bc4abdf66e3c13e to remote] http-outgoing-0 << Content-Length:72
2019-03-19 12:22:14,012 [Forwarding sendKeysToElement on session e85a61849b7049005bc4abdf66e3c13e to remote] http-outgoing-0 << Content-Type:application/json; charset=utf-8
2019-03-19 12:22:14,012 [Forwarding sendKeysToElement on session e85a61849b7049005bc4abdf66e3c13e to remote] Connection can be kept alive indefinitely
2019-03-19 12:22:14,013 [Forwarding sendKeysToElement on session e85a61849b7049005bc4abdf66e3c13e to remote] Connection [id: 0][route: {}->http://localhost:23523] can be kept alive indefinitely
2019-03-19 12:22:14,013 [Forwarding sendKeysToElement on session e85a61849b7049005bc4abdf66e3c13e to remote] Connection released: [id: 0][route: {}->http://localhost:23523][total kept alive: 1; route allocated: 1 of 2000; total allocated: 1 of 2000]
2019-03-19 12:22:14,013 [main] Firstname entered
2019-03-19 12:22:15,390 [main] PageFactory class initiated
2019-03-19 12:22:15,390 [main] lastname webelement found
2019-03-19 12:22:15,391 [Forwarding findElement on session e85a61849b7049005bc4abdf66e3c13e to remote] CookieSpec selected: default
2019-03-19 12:22:15,391 [Forwarding findElement on session e85a61849b7049005bc4abdf66e3c13e to remote] Auth cache not set in the context
2019-03-19 12:22:15,391 [Forwarding findElement on session e85a61849b7049005bc4abdf66e3c13e to remote] Connection request: [route: {}->http://localhost:23523][total kept alive: 1; route allocated: 1 of 2000; total allocated: 1 of 2000]
2019-03-19 12:22:15,391 [Forwarding findElement on session e85a61849b7049005bc4abdf66e3c13e to remote] Connection leased: [id: 0][route: {}->http://localhost:23523][total kept alive: 0; route allocated: 1 of 2000; total allocated: 1 of 2000]
2019-03-19 12:22:15,391 [Forwarding findElement on session e85a61849b7049005bc4abdf66e3c13e to remote] Stale connection check
2019-03-19 12:22:15,393 [Forwarding findElement on session e85a61849b7049005bc4abdf66e3c13e to remote] http-outgoing-0 << "[read] I/O error: Read timed out"
2019-03-19 12:22:15,393 [Forwarding findElement on session e85a61849b7049005bc4abdf66e3c13e to remote] http-outgoing-0: set socket timeout to 10800000
2019-03-19 12:22:15,393 [Forwarding findElement on session e85a61849b7049005bc4abdf66e3c13e to remote] Executing request POST /session/e85a61849b7049005bc4abdf66e3c13e/element HTTP/1.1
2019-03-19 12:22:15,393 [Forwarding findElement on session e85a61849b7049005bc4abdf66e3c13e to remote] Target auth state: UNCHALLENGED
2019-03-19 12:22:15,393 [Forwarding findElement on session e85a61849b7049005bc4abdf66e3c13e to remote] Proxy auth state: UNCHALLENGED
2019-03-19 12:22:15,393 [Forwarding findElement on session e85a61849b7049005bc4abdf66e3c13e to remote] http-outgoing-0 >> POST /session/e85a61849b7049005bc4abdf66e3c13e/element HTTP/1.1
2019-03-19 12:22:15,393 [Forwarding findElement on session e85a61849b7049005bc4abdf66e3c13e to remote] http-outgoing-0 >> Content-Type: application/json; charset=utf-8
2019-03-19 12:22:15,393 [Forwarding findElement on session e85a61849b7049005bc4abdf66e3c13e to remote] http-outgoing-0 >> Content-Length: 35
2019-03-19 12:22:15,393 [Forwarding findElement on session e85a61849b7049005bc4abdf66e3c13e to remote] http-outgoing-0 >> Host: localhost:23523
2019-03-19 12:22:15,393 [Forwarding findElement on session e85a61849b7049005bc4abdf66e3c13e to remote] http-outgoing-0 >> Connection: Keep-Alive
2019-03-19 12:22:15,393 [Forwarding findElement on session e85a61849b7049005bc4abdf66e3c13e to remote] http-outgoing-0 >> User-Agent: Apache-HttpClient/4.5.1 (Java/1.8.0_152)
2019-03-19 12:22:15,393 [Forwarding findElement on session e85a61849b7049005bc4abdf66e3c13e to remote] http-outgoing-0 >> Accept-Encoding: gzip,deflate
2019-03-19 12:22:15,393 [Forwarding findElement on session e85a61849b7049005bc4abdf66e3c13e to remote] http-outgoing-0 >> "POST /session/e85a61849b7049005bc4abdf66e3c13e/element HTTP/1.1[\r][\n]"
2019-03-19 12:22:15,393 [Forwarding findElement on session e85a61849b7049005bc4abdf66e3c13e to remote] http-outgoing-0 >> "Content-Type: application/json; charset=utf-8[\r][\n]"
2019-03-19 12:22:15,393 [Forwarding findElement on session e85a61849b7049005bc4abdf66e3c13e to remote] http-outgoing-0 >> "Content-Length: 35[\r][\n]"
2019-03-19 12:22:15,393 [Forwarding findElement on session e85a61849b7049005bc4abdf66e3c13e to remote] http-outgoing-0 >> "Host: localhost:23523[\r][\n]"
2019-03-19 12:22:15,393 [Forwarding findElement on session e85a61849b7049005bc4abdf66e3c13e to remote] http-outgoing-0 >> "Connection: Keep-Alive[\r][\n]"
2019-03-19 12:22:15,393 [Forwarding findElement on session e85a61849b7049005bc4abdf66e3c13e to remote] http-outgoing-0 >> "User-Agent: Apache-HttpClient/4.5.1 (Java/1.8.0_152)[\r][\n]"
2019-03-19 12:22:15,393 [Forwarding findElement on session e85a61849b7049005bc4abdf66e3c13e to remote] http-outgoing-0 >> "Accept-Encoding: gzip,deflate[\r][\n]"
2019-03-19 12:22:15,393 [Forwarding findElement on session e85a61849b7049005bc4abdf66e3c13e to remote] http-outgoing-0 >> "[\r][\n]"
2019-03-19 12:22:15,393 [Forwarding findElement on session e85a61849b7049005bc4abdf66e3c13e to remote] http-outgoing-0 >> "{"using":"name","value":"lastname"}"
2019-03-19 12:22:15,412 [Forwarding findElement on session e85a61849b7049005bc4abdf66e3c13e to remote] http-outgoing-0 << "HTTP/1.1 200 OK[\r][\n]"
2019-03-19 12:22:15,412 [Forwarding findElement on session e85a61849b7049005bc4abdf66e3c13e to remote] http-outgoing-0 << "Content-Length:102[\r][\n]"
2019-03-19 12:22:15,412 [Forwarding findElement on session e85a61849b7049005bc4abdf66e3c13e to remote] http-outgoing-0 << "Content-Type:application/json; charset=utf-8[\r][\n]"
2019-03-19 12:22:15,412 [Forwarding findElement on session e85a61849b7049005bc4abdf66e3c13e to remote] http-outgoing-0 << "[\r][\n]"
2019-03-19 12:22:15,412 [Forwarding findElement on session e85a61849b7049005bc4abdf66e3c13e to remote] http-outgoing-0 << "{"sessionId":"e85a61849b7049005bc4abdf66e3c13e","status":0,"value":{"ELEMENT":"0.6874176506829066-2"}}"
2019-03-19 12:22:15,412 [Forwarding findElement on session e85a61849b7049005bc4abdf66e3c13e to remote] http-outgoing-0 << HTTP/1.1 200 OK
2019-03-19 12:22:15,412 [Forwarding findElement on session e85a61849b7049005bc4abdf66e3c13e to remote] http-outgoing-0 << Content-Length:102
2019-03-19 12:22:15,412 [Forwarding findElement on session e85a61849b7049005bc4abdf66e3c13e to remote] http-outgoing-0 << Content-Type:application/json; charset=utf-8
2019-03-19 12:22:15,412 [Forwarding findElement on session e85a61849b7049005bc4abdf66e3c13e to remote] Connection can be kept alive indefinitely
2019-03-19 12:22:15,413 [Forwarding findElement on session e85a61849b7049005bc4abdf66e3c13e to remote] Connection [id: 0][route: {}->http://localhost:23523] can be kept alive indefinitely
2019-03-19 12:22:15,413 [Forwarding findElement on session e85a61849b7049005bc4abdf66e3c13e to remote] Connection released: [id: 0][route: {}->http://localhost:23523][total kept alive: 1; route allocated: 1 of 2000; total allocated: 1 of 2000]
2019-03-19 12:22:15,414 [Forwarding sendKeysToElement on session e85a61849b7049005bc4abdf66e3c13e to remote] CookieSpec selected: default
2019-03-19 12:22:15,414 [Forwarding sendKeysToElement on session e85a61849b7049005bc4abdf66e3c13e to remote] Auth cache not set in the context
2019-03-19 12:22:15,414 [Forwarding sendKeysToElement on session e85a61849b7049005bc4abdf66e3c13e to remote] Connection request: [route: {}->http://localhost:23523][total kept alive: 1; route allocated: 1 of 2000; total allocated: 1 of 2000]
2019-03-19 12:22:15,415 [Forwarding sendKeysToElement on session e85a61849b7049005bc4abdf66e3c13e to remote] Connection leased: [id: 0][route: {}->http://localhost:23523][total kept alive: 0; route allocated: 1 of 2000; total allocated: 1 of 2000]
2019-03-19 12:22:15,415 [Forwarding sendKeysToElement on session e85a61849b7049005bc4abdf66e3c13e to remote] Stale connection check
2019-03-19 12:22:15,417 [Forwarding sendKeysToElement on session e85a61849b7049005bc4abdf66e3c13e to remote] http-outgoing-0 << "[read] I/O error: Read timed out"
2019-03-19 12:22:15,417 [Forwarding sendKeysToElement on session e85a61849b7049005bc4abdf66e3c13e to remote] http-outgoing-0: set socket timeout to 10800000
2019-03-19 12:22:15,417 [Forwarding sendKeysToElement on session e85a61849b7049005bc4abdf66e3c13e to remote] Executing request POST /session/e85a61849b7049005bc4abdf66e3c13e/element/0.6874176506829066-2/value HTTP/1.1
2019-03-19 12:22:15,417 [Forwarding sendKeysToElement on session e85a61849b7049005bc4abdf66e3c13e to remote] Target auth state: UNCHALLENGED
2019-03-19 12:22:15,417 [Forwarding sendKeysToElement on session e85a61849b7049005bc4abdf66e3c13e to remote] Proxy auth state: UNCHALLENGED
2019-03-19 12:22:15,417 [Forwarding sendKeysToElement on session e85a61849b7049005bc4abdf66e3c13e to remote] http-outgoing-0 >> POST /session/e85a61849b7049005bc4abdf66e3c13e/element/0.6874176506829066-2/value HTTP/1.1
2019-03-19 12:22:15,417 [Forwarding sendKeysToElement on session e85a61849b7049005bc4abdf66e3c13e to remote] http-outgoing-0 >> Content-Type: application/json; charset=utf-8
2019-03-19 12:22:15,417 [Forwarding sendKeysToElement on session e85a61849b7049005bc4abdf66e3c13e to remote] http-outgoing-0 >> Content-Length: 51
2019-03-19 12:22:15,417 [Forwarding sendKeysToElement on session e85a61849b7049005bc4abdf66e3c13e to remote] http-outgoing-0 >> Host: localhost:23523
2019-03-19 12:22:15,417 [Forwarding sendKeysToElement on session e85a61849b7049005bc4abdf66e3c13e to remote] http-outgoing-0 >> Connection: Keep-Alive
2019-03-19 12:22:15,417 [Forwarding sendKeysToElement on session e85a61849b7049005bc4abdf66e3c13e to remote] http-outgoing-0 >> User-Agent: Apache-HttpClient/4.5.1 (Java/1.8.0_152)
2019-03-19 12:22:15,417 [Forwarding sendKeysToElement on session e85a61849b7049005bc4abdf66e3c13e to remote] http-outgoing-0 >> Accept-Encoding: gzip,deflate
2019-03-19 12:22:15,417 [Forwarding sendKeysToElement on session e85a61849b7049005bc4abdf66e3c13e to remote] http-outgoing-0 >> "POST /session/e85a61849b7049005bc4abdf66e3c13e/element/0.6874176506829066-2/value HTTP/1.1[\r][\n]"
2019-03-19 12:22:15,417 [Forwarding sendKeysToElement on session e85a61849b7049005bc4abdf66e3c13e to remote] http-outgoing-0 >> "Content-Type: application/json; charset=utf-8[\r][\n]"
2019-03-19 12:22:15,417 [Forwarding sendKeysToElement on session e85a61849b7049005bc4abdf66e3c13e to remote] http-outgoing-0 >> "Content-Length: 51[\r][\n]"
2019-03-19 12:22:15,417 [Forwarding sendKeysToElement on session e85a61849b7049005bc4abdf66e3c13e to remote] http-outgoing-0 >> "Host: localhost:23523[\r][\n]"
2019-03-19 12:22:15,417 [Forwarding sendKeysToElement on session e85a61849b7049005bc4abdf66e3c13e to remote] http-outgoing-0 >> "Connection: Keep-Alive[\r][\n]"
2019-03-19 12:22:15,417 [Forwarding sendKeysToElement on session e85a61849b7049005bc4abdf66e3c13e to remote] http-outgoing-0 >> "User-Agent: Apache-HttpClient/4.5.1 (Java/1.8.0_152)[\r][\n]"
2019-03-19 12:22:15,417 [Forwarding sendKeysToElement on session e85a61849b7049005bc4abdf66e3c13e to remote] http-outgoing-0 >> "Accept-Encoding: gzip,deflate[\r][\n]"
2019-03-19 12:22:15,417 [Forwarding sendKeysToElement on session e85a61849b7049005bc4abdf66e3c13e to remote] http-outgoing-0 >> "[\r][\n]"
2019-03-19 12:22:15,417 [Forwarding sendKeysToElement on session e85a61849b7049005bc4abdf66e3c13e to remote] http-outgoing-0 >> "{"id":"0.6874176506829066-2","value":["lastname1"]}"
2019-03-19 12:22:15,508 [Forwarding sendKeysToElement on session e85a61849b7049005bc4abdf66e3c13e to remote] http-outgoing-0 << "HTTP/1.1 200 OK[\r][\n]"
2019-03-19 12:22:15,508 [Forwarding sendKeysToElement on session e85a61849b7049005bc4abdf66e3c13e to remote] http-outgoing-0 << "Content-Length:72[\r][\n]"
2019-03-19 12:22:15,508 [Forwarding sendKeysToElement on session e85a61849b7049005bc4abdf66e3c13e to remote] http-outgoing-0 << "Content-Type:application/json; charset=utf-8[\r][\n]"
2019-03-19 12:22:15,508 [Forwarding sendKeysToElement on session e85a61849b7049005bc4abdf66e3c13e to remote] http-outgoing-0 << "[\r][\n]"
2019-03-19 12:22:15,508 [Forwarding sendKeysToElement on session e85a61849b7049005bc4abdf66e3c13e to remote] http-outgoing-0 << "{"sessionId":"e85a61849b7049005bc4abdf66e3c13e","status":0,"value":null}"
2019-03-19 12:22:15,508 [Forwarding sendKeysToElement on session e85a61849b7049005bc4abdf66e3c13e to remote] http-outgoing-0 << HTTP/1.1 200 OK
2019-03-19 12:22:15,508 [Forwarding sendKeysToElement on session e85a61849b7049005bc4abdf66e3c13e to remote] http-outgoing-0 << Content-Length:72
2019-03-19 12:22:15,508 [Forwarding sendKeysToElement on session e85a61849b7049005bc4abdf66e3c13e to remote] http-outgoing-0 << Content-Type:application/json; charset=utf-8
2019-03-19 12:22:15,508 [Forwarding sendKeysToElement on session e85a61849b7049005bc4abdf66e3c13e to remote] Connection can be kept alive indefinitely
2019-03-19 12:22:15,508 [Forwarding sendKeysToElement on session e85a61849b7049005bc4abdf66e3c13e to remote] Connection [id: 0][route: {}->http://localhost:23523] can be kept alive indefinitely
2019-03-19 12:22:15,508 [Forwarding sendKeysToElement on session e85a61849b7049005bc4abdf66e3c13e to remote] Connection released: [id: 0][route: {}->http://localhost:23523][total kept alive: 1; route allocated: 1 of 2000; total allocated: 1 of 2000]
2019-03-19 12:22:16,895 [main] Lastname entered
2019-03-19 12:22:16,896 [main] PageFactory class initiated
2019-03-19 12:22:16,896 [main] submit button webelement found
2019-03-19 12:22:16,898 [Forwarding findElement on session e85a61849b7049005bc4abdf66e3c13e to remote] CookieSpec selected: default
2019-03-19 12:22:16,898 [Forwarding findElement on session e85a61849b7049005bc4abdf66e3c13e to remote] Auth cache not set in the context
2019-03-19 12:22:16,898 [Forwarding findElement on session e85a61849b7049005bc4abdf66e3c13e to remote] Connection request: [route: {}->http://localhost:23523][total kept alive: 1; route allocated: 1 of 2000; total allocated: 1 of 2000]
2019-03-19 12:22:16,898 [Forwarding findElement on session e85a61849b7049005bc4abdf66e3c13e to remote] Connection leased: [id: 0][route: {}->http://localhost:23523][total kept alive: 0; route allocated: 1 of 2000; total allocated: 1 of 2000]
2019-03-19 12:22:16,898 [Forwarding findElement on session e85a61849b7049005bc4abdf66e3c13e to remote] Stale connection check
2019-03-19 12:22:16,900 [Forwarding findElement on session e85a61849b7049005bc4abdf66e3c13e to remote] http-outgoing-0 << "[read] I/O error: Read timed out"
2019-03-19 12:22:16,900 [Forwarding findElement on session e85a61849b7049005bc4abdf66e3c13e to remote] http-outgoing-0: set socket timeout to 10800000
2019-03-19 12:22:16,900 [Forwarding findElement on session e85a61849b7049005bc4abdf66e3c13e to remote] Executing request POST /session/e85a61849b7049005bc4abdf66e3c13e/element HTTP/1.1
2019-03-19 12:22:16,900 [Forwarding findElement on session e85a61849b7049005bc4abdf66e3c13e to remote] Target auth state: UNCHALLENGED
2019-03-19 12:22:16,900 [Forwarding findElement on session e85a61849b7049005bc4abdf66e3c13e to remote] Proxy auth state: UNCHALLENGED
2019-03-19 12:22:16,900 [Forwarding findElement on session e85a61849b7049005bc4abdf66e3c13e to remote] http-outgoing-0 >> POST /session/e85a61849b7049005bc4abdf66e3c13e/element HTTP/1.1
2019-03-19 12:22:16,900 [Forwarding findElement on session e85a61849b7049005bc4abdf66e3c13e to remote] http-outgoing-0 >> Content-Type: application/json; charset=utf-8
2019-03-19 12:22:16,900 [Forwarding findElement on session e85a61849b7049005bc4abdf66e3c13e to remote] http-outgoing-0 >> Content-Length: 33
2019-03-19 12:22:16,900 [Forwarding findElement on session e85a61849b7049005bc4abdf66e3c13e to remote] http-outgoing-0 >> Host: localhost:23523
2019-03-19 12:22:16,900 [Forwarding findElement on session e85a61849b7049005bc4abdf66e3c13e to remote] http-outgoing-0 >> Connection: Keep-Alive
2019-03-19 12:22:16,900 [Forwarding findElement on session e85a61849b7049005bc4abdf66e3c13e to remote] http-outgoing-0 >> User-Agent: Apache-HttpClient/4.5.1 (Java/1.8.0_152)
2019-03-19 12:22:16,900 [Forwarding findElement on session e85a61849b7049005bc4abdf66e3c13e to remote] http-outgoing-0 >> Accept-Encoding: gzip,deflate
2019-03-19 12:22:16,900 [Forwarding findElement on session e85a61849b7049005bc4abdf66e3c13e to remote] http-outgoing-0 >> "POST /session/e85a61849b7049005bc4abdf66e3c13e/element HTTP/1.1[\r][\n]"
2019-03-19 12:22:16,900 [Forwarding findElement on session e85a61849b7049005bc4abdf66e3c13e to remote] http-outgoing-0 >> "Content-Type: application/json; charset=utf-8[\r][\n]"
2019-03-19 12:22:16,900 [Forwarding findElement on session e85a61849b7049005bc4abdf66e3c13e to remote] http-outgoing-0 >> "Content-Length: 33[\r][\n]"
2019-03-19 12:22:16,900 [Forwarding findElement on session e85a61849b7049005bc4abdf66e3c13e to remote] http-outgoing-0 >> "Host: localhost:23523[\r][\n]"
2019-03-19 12:22:16,900 [Forwarding findElement on session e85a61849b7049005bc4abdf66e3c13e to remote] http-outgoing-0 >> "Connection: Keep-Alive[\r][\n]"
2019-03-19 12:22:16,900 [Forwarding findElement on session e85a61849b7049005bc4abdf66e3c13e to remote] http-outgoing-0 >> "User-Agent: Apache-HttpClient/4.5.1 (Java/1.8.0_152)[\r][\n]"
2019-03-19 12:22:16,900 [Forwarding findElement on session e85a61849b7049005bc4abdf66e3c13e to remote] http-outgoing-0 >> "Accept-Encoding: gzip,deflate[\r][\n]"
2019-03-19 12:22:16,900 [Forwarding findElement on session e85a61849b7049005bc4abdf66e3c13e to remote] http-outgoing-0 >> "[\r][\n]"
2019-03-19 12:22:16,900 [Forwarding findElement on session e85a61849b7049005bc4abdf66e3c13e to remote] http-outgoing-0 >> "{"using":"name","value":"submit"}"
2019-03-19 12:22:16,922 [Forwarding findElement on session e85a61849b7049005bc4abdf66e3c13e to remote] http-outgoing-0 << "HTTP/1.1 200 OK[\r][\n]"
2019-03-19 12:22:16,922 [Forwarding findElement on session e85a61849b7049005bc4abdf66e3c13e to remote] http-outgoing-0 << "Content-Length:102[\r][\n]"
2019-03-19 12:22:16,922 [Forwarding findElement on session e85a61849b7049005bc4abdf66e3c13e to remote] http-outgoing-0 << "Content-Type:application/json; charset=utf-8[\r][\n]"
2019-03-19 12:22:16,922 [Forwarding findElement on session e85a61849b7049005bc4abdf66e3c13e to remote] http-outgoing-0 << "[\r][\n]"
2019-03-19 12:22:16,922 [Forwarding findElement on session e85a61849b7049005bc4abdf66e3c13e to remote] http-outgoing-0 << "{"sessionId":"e85a61849b7049005bc4abdf66e3c13e","status":0,"value":{"ELEMENT":"0.6874176506829066-3"}}"
2019-03-19 12:22:16,922 [Forwarding findElement on session e85a61849b7049005bc4abdf66e3c13e to remote] http-outgoing-0 << HTTP/1.1 200 OK
2019-03-19 12:22:16,922 [Forwarding findElement on session e85a61849b7049005bc4abdf66e3c13e to remote] http-outgoing-0 << Content-Length:102
2019-03-19 12:22:16,922 [Forwarding findElement on session e85a61849b7049005bc4abdf66e3c13e to remote] http-outgoing-0 << Content-Type:application/json; charset=utf-8
2019-03-19 12:22:16,922 [Forwarding findElement on session e85a61849b7049005bc4abdf66e3c13e to remote] Connection can be kept alive indefinitely
2019-03-19 12:22:16,922 [Forwarding findElement on session e85a61849b7049005bc4abdf66e3c13e to remote] Connection [id: 0][route: {}->http://localhost:23523] can be kept alive indefinitely
2019-03-19 12:22:16,922 [Forwarding findElement on session e85a61849b7049005bc4abdf66e3c13e to remote] Connection released: [id: 0][route: {}->http://localhost:23523][total kept alive: 1; route allocated: 1 of 2000; total allocated: 1 of 2000]
2019-03-19 12:22:16,923 [Forwarding clickElement on session e85a61849b7049005bc4abdf66e3c13e to remote] CookieSpec selected: default
2019-03-19 12:22:16,923 [Forwarding clickElement on session e85a61849b7049005bc4abdf66e3c13e to remote] Auth cache not set in the context
2019-03-19 12:22:16,923 [Forwarding clickElement on session e85a61849b7049005bc4abdf66e3c13e to remote] Connection request: [route: {}->http://localhost:23523][total kept alive: 1; route allocated: 1 of 2000; total allocated: 1 of 2000]
2019-03-19 12:22:16,924 [Forwarding clickElement on session e85a61849b7049005bc4abdf66e3c13e to remote] Connection leased: [id: 0][route: {}->http://localhost:23523][total kept alive: 0; route allocated: 1 of 2000; total allocated: 1 of 2000]
2019-03-19 12:22:16,924 [Forwarding clickElement on session e85a61849b7049005bc4abdf66e3c13e to remote] Stale connection check
2019-03-19 12:22:16,926 [Forwarding clickElement on session e85a61849b7049005bc4abdf66e3c13e to remote] http-outgoing-0 << "[read] I/O error: Read timed out"
2019-03-19 12:22:16,926 [Forwarding clickElement on session e85a61849b7049005bc4abdf66e3c13e to remote] http-outgoing-0: set socket timeout to 10800000
2019-03-19 12:22:16,926 [Forwarding clickElement on session e85a61849b7049005bc4abdf66e3c13e to remote] Executing request POST /session/e85a61849b7049005bc4abdf66e3c13e/element/0.6874176506829066-3/click HTTP/1.1
2019-03-19 12:22:16,926 [Forwarding clickElement on session e85a61849b7049005bc4abdf66e3c13e to remote] Target auth state: UNCHALLENGED
2019-03-19 12:22:16,926 [Forwarding clickElement on session e85a61849b7049005bc4abdf66e3c13e to remote] Proxy auth state: UNCHALLENGED
2019-03-19 12:22:16,926 [Forwarding clickElement on session e85a61849b7049005bc4abdf66e3c13e to remote] http-outgoing-0 >> POST /session/e85a61849b7049005bc4abdf66e3c13e/element/0.6874176506829066-3/click HTTP/1.1
2019-03-19 12:22:16,926 [Forwarding clickElement on session e85a61849b7049005bc4abdf66e3c13e to remote] http-outgoing-0 >> Content-Type: application/json; charset=utf-8
2019-03-19 12:22:16,926 [Forwarding clickElement on session e85a61849b7049005bc4abdf66e3c13e to remote] http-outgoing-0 >> Content-Length: 29
2019-03-19 12:22:16,926 [Forwarding clickElement on session e85a61849b7049005bc4abdf66e3c13e to remote] http-outgoing-0 >> Host: localhost:23523
2019-03-19 12:22:16,926 [Forwarding clickElement on session e85a61849b7049005bc4abdf66e3c13e to remote] http-outgoing-0 >> Connection: Keep-Alive
2019-03-19 12:22:16,926 [Forwarding clickElement on session e85a61849b7049005bc4abdf66e3c13e to remote] http-outgoing-0 >> User-Agent: Apache-HttpClient/4.5.1 (Java/1.8.0_152)
2019-03-19 12:22:16,926 [Forwarding clickElement on session e85a61849b7049005bc4abdf66e3c13e to remote] http-outgoing-0 >> Accept-Encoding: gzip,deflate
2019-03-19 12:22:16,926 [Forwarding clickElement on session e85a61849b7049005bc4abdf66e3c13e to remote] http-outgoing-0 >> "POST /session/e85a61849b7049005bc4abdf66e3c13e/element/0.6874176506829066-3/click HTTP/1.1[\r][\n]"
2019-03-19 12:22:16,926 [Forwarding clickElement on session e85a61849b7049005bc4abdf66e3c13e to remote] http-outgoing-0 >> "Content-Type: application/json; charset=utf-8[\r][\n]"
2019-03-19 12:22:16,926 [Forwarding clickElement on session e85a61849b7049005bc4abdf66e3c13e to remote] http-outgoing-0 >> "Content-Length: 29[\r][\n]"
2019-03-19 12:22:16,926 [Forwarding clickElement on session e85a61849b7049005bc4abdf66e3c13e to remote] http-outgoing-0 >> "Host: localhost:23523[\r][\n]"
2019-03-19 12:22:16,926 [Forwarding clickElement on session e85a61849b7049005bc4abdf66e3c13e to remote] http-outgoing-0 >> "Connection: Keep-Alive[\r][\n]"
2019-03-19 12:22:16,926 [Forwarding clickElement on session e85a61849b7049005bc4abdf66e3c13e to remote] http-outgoing-0 >> "User-Agent: Apache-HttpClient/4.5.1 (Java/1.8.0_152)[\r][\n]"
2019-03-19 12:22:16,926 [Forwarding clickElement on session e85a61849b7049005bc4abdf66e3c13e to remote] http-outgoing-0 >> "Accept-Encoding: gzip,deflate[\r][\n]"
2019-03-19 12:22:16,926 [Forwarding clickElement on session e85a61849b7049005bc4abdf66e3c13e to remote] http-outgoing-0 >> "[\r][\n]"
2019-03-19 12:22:16,927 [Forwarding clickElement on session e85a61849b7049005bc4abdf66e3c13e to remote] http-outgoing-0 >> "{"id":"0.6874176506829066-3"}"
2019-03-19 12:22:42,267 [Forwarding clickElement on session e85a61849b7049005bc4abdf66e3c13e to remote] http-outgoing-0 << "HTTP/1.1 200 OK[\r][\n]"
2019-03-19 12:22:42,267 [Forwarding clickElement on session e85a61849b7049005bc4abdf66e3c13e to remote] http-outgoing-0 << "Content-Length:72[\r][\n]"
2019-03-19 12:22:42,267 [Forwarding clickElement on session e85a61849b7049005bc4abdf66e3c13e to remote] http-outgoing-0 << "Content-Type:application/json; charset=utf-8[\r][\n]"
2019-03-19 12:22:42,268 [Forwarding clickElement on session e85a61849b7049005bc4abdf66e3c13e to remote] http-outgoing-0 << "[\r][\n]"
2019-03-19 12:22:42,268 [Forwarding clickElement on session e85a61849b7049005bc4abdf66e3c13e to remote] http-outgoing-0 << "{"sessionId":"e85a61849b7049005bc4abdf66e3c13e","status":0,"value":null}"
2019-03-19 12:22:42,268 [Forwarding clickElement on session e85a61849b7049005bc4abdf66e3c13e to remote] http-outgoing-0 << HTTP/1.1 200 OK
2019-03-19 12:22:42,268 [Forwarding clickElement on session e85a61849b7049005bc4abdf66e3c13e to remote] http-outgoing-0 << Content-Length:72
2019-03-19 12:22:42,268 [Forwarding clickElement on session e85a61849b7049005bc4abdf66e3c13e to remote] http-outgoing-0 << Content-Type:application/json; charset=utf-8
2019-03-19 12:22:42,268 [Forwarding clickElement on session e85a61849b7049005bc4abdf66e3c13e to remote] Connection can be kept alive indefinitely
2019-03-19 12:22:42,268 [Forwarding clickElement on session e85a61849b7049005bc4abdf66e3c13e to remote] Connection [id: 0][route: {}->http://localhost:23523] can be kept alive indefinitely
2019-03-19 12:22:42,268 [Forwarding clickElement on session e85a61849b7049005bc4abdf66e3c13e to remote] Connection released: [id: 0][route: {}->http://localhost:23523][total kept alive: 1; route allocated: 1 of 2000; total allocated: 1 of 2000]
2019-03-19 12:22:42,269 [main] Clicked on Submit button
2019-03-19 12:22:42,667 [main] Result updated
2019-03-19 12:22:42,854 [Forwarding close on session e85a61849b7049005bc4abdf66e3c13e to remote] CookieSpec selected: default
2019-03-19 12:22:42,854 [Forwarding close on session e85a61849b7049005bc4abdf66e3c13e to remote] Auth cache not set in the context
2019-03-19 12:22:42,854 [Forwarding close on session e85a61849b7049005bc4abdf66e3c13e to remote] Connection request: [route: {}->http://localhost:23523][total kept alive: 1; route allocated: 1 of 2000; total allocated: 1 of 2000]
2019-03-19 12:22:42,854 [Forwarding close on session e85a61849b7049005bc4abdf66e3c13e to remote] Connection leased: [id: 0][route: {}->http://localhost:23523][total kept alive: 0; route allocated: 1 of 2000; total allocated: 1 of 2000]
2019-03-19 12:22:42,854 [Forwarding close on session e85a61849b7049005bc4abdf66e3c13e to remote] Stale connection check
2019-03-19 12:22:42,856 [Forwarding close on session e85a61849b7049005bc4abdf66e3c13e to remote] http-outgoing-0 << "[read] I/O error: Read timed out"
2019-03-19 12:22:42,856 [Forwarding close on session e85a61849b7049005bc4abdf66e3c13e to remote] http-outgoing-0: set socket timeout to 10800000
2019-03-19 12:22:42,856 [Forwarding close on session e85a61849b7049005bc4abdf66e3c13e to remote] Executing request DELETE /session/e85a61849b7049005bc4abdf66e3c13e/window HTTP/1.1
2019-03-19 12:22:42,856 [Forwarding close on session e85a61849b7049005bc4abdf66e3c13e to remote] Target auth state: UNCHALLENGED
2019-03-19 12:22:42,857 [Forwarding close on session e85a61849b7049005bc4abdf66e3c13e to remote] Proxy auth state: UNCHALLENGED
2019-03-19 12:22:42,857 [Forwarding close on session e85a61849b7049005bc4abdf66e3c13e to remote] http-outgoing-0 >> DELETE /session/e85a61849b7049005bc4abdf66e3c13e/window HTTP/1.1
2019-03-19 12:22:42,857 [Forwarding close on session e85a61849b7049005bc4abdf66e3c13e to remote] http-outgoing-0 >> Host: localhost:23523
2019-03-19 12:22:42,857 [Forwarding close on session e85a61849b7049005bc4abdf66e3c13e to remote] http-outgoing-0 >> Connection: Keep-Alive
2019-03-19 12:22:42,857 [Forwarding close on session e85a61849b7049005bc4abdf66e3c13e to remote] http-outgoing-0 >> User-Agent: Apache-HttpClient/4.5.1 (Java/1.8.0_152)
2019-03-19 12:22:42,857 [Forwarding close on session e85a61849b7049005bc4abdf66e3c13e to remote] http-outgoing-0 >> Accept-Encoding: gzip,deflate
2019-03-19 12:22:42,857 [Forwarding close on session e85a61849b7049005bc4abdf66e3c13e to remote] http-outgoing-0 >> "DELETE /session/e85a61849b7049005bc4abdf66e3c13e/window HTTP/1.1[\r][\n]"
2019-03-19 12:22:42,857 [Forwarding close on session e85a61849b7049005bc4abdf66e3c13e to remote] http-outgoing-0 >> "Host: localhost:23523[\r][\n]"
2019-03-19 12:22:42,857 [Forwarding close on session e85a61849b7049005bc4abdf66e3c13e to remote] http-outgoing-0 >> "Connection: Keep-Alive[\r][\n]"
2019-03-19 12:22:42,857 [Forwarding close on session e85a61849b7049005bc4abdf66e3c13e to remote] http-outgoing-0 >> "User-Agent: Apache-HttpClient/4.5.1 (Java/1.8.0_152)[\r][\n]"
2019-03-19 12:22:42,857 [Forwarding close on session e85a61849b7049005bc4abdf66e3c13e to remote] http-outgoing-0 >> "Accept-Encoding: gzip,deflate[\r][\n]"
2019-03-19 12:22:42,857 [Forwarding close on session e85a61849b7049005bc4abdf66e3c13e to remote] http-outgoing-0 >> "[\r][\n]"
2019-03-19 12:22:43,034 [Forwarding close on session e85a61849b7049005bc4abdf66e3c13e to remote] http-outgoing-0 << "HTTP/1.1 200 OK[\r][\n]"
2019-03-19 12:22:43,034 [Forwarding close on session e85a61849b7049005bc4abdf66e3c13e to remote] http-outgoing-0 << "Content-Length:70[\r][\n]"
2019-03-19 12:22:43,034 [Forwarding close on session e85a61849b7049005bc4abdf66e3c13e to remote] http-outgoing-0 << "Content-Type:application/json; charset=utf-8[\r][\n]"
2019-03-19 12:22:43,034 [Forwarding close on session e85a61849b7049005bc4abdf66e3c13e to remote] http-outgoing-0 << "[\r][\n]"
2019-03-19 12:22:43,034 [Forwarding close on session e85a61849b7049005bc4abdf66e3c13e to remote] http-outgoing-0 << "{"sessionId":"e85a61849b7049005bc4abdf66e3c13e","status":0,"value":[]}"
2019-03-19 12:22:43,034 [Forwarding close on session e85a61849b7049005bc4abdf66e3c13e to remote] http-outgoing-0 << HTTP/1.1 200 OK
2019-03-19 12:22:43,034 [Forwarding close on session e85a61849b7049005bc4abdf66e3c13e to remote] http-outgoing-0 << Content-Length:70
2019-03-19 12:22:43,034 [Forwarding close on session e85a61849b7049005bc4abdf66e3c13e to remote] http-outgoing-0 << Content-Type:application/json; charset=utf-8
2019-03-19 12:22:43,035 [Forwarding close on session e85a61849b7049005bc4abdf66e3c13e to remote] Connection can be kept alive indefinitely
2019-03-19 12:22:43,035 [Forwarding close on session e85a61849b7049005bc4abdf66e3c13e to remote] Connection [id: 0][route: {}->http://localhost:23523] can be kept alive indefinitely
2019-03-19 12:22:43,035 [Forwarding close on session e85a61849b7049005bc4abdf66e3c13e to remote] Connection released: [id: 0][route: {}->http://localhost:23523][total kept alive: 1; route allocated: 1 of 2000; total allocated: 1 of 2000]
